<?xml version="1.0" encoding="UTF-8" ?>
<testsuite errors="0" failures="0" hostname="L-156034617" name="com.testing.wipro.MultiplyClassTest" skipped="0" tests="2" time="0.225" timestamp="2013-11-06T10:37:41">
  <properties>
[...]
</properties>
  <testcase classname="com.testing.wipro.MultiplyClassTest" name="testDivison" time="0.019" />
  <testcase classname="com.testing.wipro.MultiplyClassTest" name="testMultiply" time="0.001" />
  <system-out><![CDATA[System Set Up
Division of 35 &7 is5
System Set Up
Multipication of 5 &7 is35
]]></system-out>
  <system-err><![CDATA[]]></system-err>
</testsuite>
